2013/01/25 22:53:48 [error] [system.db.CDbCommand] CDbCommand::execute() failed: SQLSTATE[23000]: Integrity constraint violation: 1062 Duplicate entry 'Мощность по каналам, суммарно по +12V' for key 'Index_feauture_name'. The SQL statement executed was: INSERT INTO `feature_name` (`name`) VALUES (:yp0).
in C:\xampp\htdocs\hotline\app\hot\protected\controllers\ParserController.php (37)
in C:\xampp\htdocs\hotline\app\hot\index.php (13)
2013/01/25 22:53:48 [error] [exception.CDbException] exception 'CDbException' with message 'CDbCommand failed to execute the SQL statement: SQLSTATE[23000]: Integrity constraint violation: 1062 Duplicate entry 'Мощность по каналам, суммарно по +12V' for key 'Index_feauture_name'. The SQL statement executed was: INSERT INTO `feature_name` (`name`) VALUES (:yp0)' in C:\xampp\htdocs\hotline\framework\db\CDbCommand.php:357
Stack trace:
#0 C:\xampp\htdocs\hotline\framework\db\ar\CActiveRecord.php(1023): CDbCommand->execute()
#1 C:\xampp\htdocs\hotline\framework\db\ar\CActiveRecord.php(795): CActiveRecord->insert(NULL)
#2 C:\xampp\htdocs\hotline\app\hot\protected\controllers\ParserController.php(37): CActiveRecord->save()
#3 C:\xampp\htdocs\hotline\framework\web\actions\CInlineAction.php(49): ParserController->actionSaveItem()
#4 C:\xampp\htdocs\hotline\framework\web\CController.php(308): CInlineAction->runWithParams(Array)
#5 C:\xampp\htdocs\hotline\framework\web\CController.php(286): CController->runAction(Object(CInlineAction))
#6 C:\xampp\htdocs\hotline\framework\web\CController.php(265): CController->runActionWithFilters(Object(CInlineAction), Array)
#7 C:\xampp\htdocs\hotline\framework\web\CWebApplication.php(282): CController->run('saveitem')
#8 C:\xampp\htdocs\hotline\framework\web\CWebApplication.php(141): CWebApplication->runController('parser/saveitem')
#9 C:\xampp\htdocs\hotline\framework\base\CApplication.php(169): CWebApplication->processRequest()
#10 C:\xampp\htdocs\hotline\app\hot\index.php(13): CApplication->run()
#11 {main}
REQUEST_URI=/hotline/app/hot/index.php
HTTP_REFERER=http://localhost:8080/hotline/app/hot/index.php?r=product/item&product_id=3557
---
2013/01/25 22:53:50 [error] [system.db.CDbCommand] CDbCommand::execute() failed: SQLSTATE[23000]: Integrity constraint violation: 1062 Duplicate entry 'Специальный коннектор Fan-M (Fan Monitor Fun' for key 'Index_feauture_name'. The SQL statement executed was: INSERT INTO `feature_name` (`name`) VALUES (:yp0).
in C:\xampp\htdocs\hotline\app\hot\protected\controllers\ParserController.php (37)
in C:\xampp\htdocs\hotline\app\hot\index.php (13)
2013/01/25 22:53:50 [error] [exception.CDbException] exception 'CDbException' with message 'CDbCommand failed to execute the SQL statement: SQLSTATE[23000]: Integrity constraint violation: 1062 Duplicate entry 'Специальный коннектор Fan-M (Fan Monitor Fun' for key 'Index_feauture_name'. The SQL statement executed was: INSERT INTO `feature_name` (`name`) VALUES (:yp0)' in C:\xampp\htdocs\hotline\framework\db\CDbCommand.php:357
Stack trace:
#0 C:\xampp\htdocs\hotline\framework\db\ar\CActiveRecord.php(1023): CDbCommand->execute()
#1 C:\xampp\htdocs\hotline\framework\db\ar\CActiveRecord.php(795): CActiveRecord->insert(NULL)
#2 C:\xampp\htdocs\hotline\app\hot\protected\controllers\ParserController.php(37): CActiveRecord->save()
#3 C:\xampp\htdocs\hotline\framework\web\actions\CInlineAction.php(49): ParserController->actionSaveItem()
#4 C:\xampp\htdocs\hotline\framework\web\CController.php(308): CInlineAction->runWithParams(Array)
#5 C:\xampp\htdocs\hotline\framework\web\CController.php(286): CController->runAction(Object(CInlineAction))
#6 C:\xampp\htdocs\hotline\framework\web\CController.php(265): CController->runActionWithFilters(Object(CInlineAction), Array)
#7 C:\xampp\htdocs\hotline\framework\web\CWebApplication.php(282): CController->run('saveitem')
#8 C:\xampp\htdocs\hotline\framework\web\CWebApplication.php(141): CWebApplication->runController('parser/saveitem')
#9 C:\xampp\htdocs\hotline\framework\base\CApplication.php(169): CWebApplication->processRequest()
#10 C:\xampp\htdocs\hotline\app\hot\index.php(13): CApplication->run()
#11 {main}
REQUEST_URI=/hotline/app/hot/index.php
HTTP_REFERER=http://localhost:8080/hotline/app/hot/index.php?r=product/item&product_id=3557
---
2013/01/25 23:03:57 [error] [system.db.CDbCommand] CDbCommand::execute() failed: SQLSTATE[23000]: Integrity constraint violation: 1062 Duplicate entry 'Мощность по каналам, суммарно по +12V' for key 'Index_feauture_name'. The SQL statement executed was: INSERT INTO `feature_name` (`name`) VALUES (:yp0).
in C:\xampp\htdocs\hotline\app\hot\protected\controllers\ParserController.php (39)
in C:\xampp\htdocs\hotline\app\hot\index.php (13)
2013/01/25 23:03:58 [error] [system.db.CDbCommand] CDbCommand::execute() failed: SQLSTATE[23000]: Integrity constraint violation: 1062 Duplicate entry 'Специальный коннектор Fan-M (Fan Monitor Fun' for key 'Index_feauture_name'. The SQL statement executed was: INSERT INTO `feature_name` (`name`) VALUES (:yp0).
in C:\xampp\htdocs\hotline\app\hot\protected\controllers\ParserController.php (39)
in C:\xampp\htdocs\hotline\app\hot\index.php (13)
2013/01/26 10:39:01 [error] [exception.CHttpException.404] exception 'CHttpException' with message 'The system is unable to find the requested action "parser".' in C:\xampp\htdocs\hotline\framework\web\CController.php:483
Stack trace:
#0 C:\xampp\htdocs\hotline\framework\web\CController.php(270): CController->missingAction('parser')
#1 C:\xampp\htdocs\hotline\framework\web\CWebApplication.php(282): CController->run('parser')
#2 C:\xampp\htdocs\hotline\framework\web\CWebApplication.php(141): CWebApplication->runController('product/parser')
#3 C:\xampp\htdocs\hotline\framework\base\CApplication.php(169): CWebApplication->processRequest()
#4 C:\xampp\htdocs\hotline\app\hot\index.php(13): CApplication->run()
#5 {main}
REQUEST_URI=/hotline/app/hot/index.php?r=product/parser
---
2013/01/26 13:14:10 [error] [exception.CHttpException.404] exception 'CHttpException' with message 'The system is unable to find the requested action "index".' in C:\xampp\htdocs\hotline\framework\web\CController.php:483
Stack trace:
#0 C:\xampp\htdocs\hotline\framework\web\CController.php(270): CController->missingAction('')
#1 C:\xampp\htdocs\hotline\framework\web\CWebApplication.php(282): CController->run('')
#2 C:\xampp\htdocs\hotline\framework\web\CWebApplication.php(141): CWebApplication->runController('product')
#3 C:\xampp\htdocs\hotline\framework\base\CApplication.php(169): CWebApplication->processRequest()
#4 C:\xampp\htdocs\hotline\app\hot\index.php(13): CApplication->run()
#5 {main}
REQUEST_URI=/hotline/app/hot/index.php?r=product
---
2013/01/26 13:41:10 [error] [exception.CHttpException.404] exception 'CHttpException' with message 'The system is unable to find the requested action "about".' in C:\xampp\htdocs\hotline\framework\web\CController.php:483
Stack trace:
#0 C:\xampp\htdocs\hotline\framework\web\CController.php(270): CController->missingAction('about')
#1 C:\xampp\htdocs\hotline\framework\web\CWebApplication.php(282): CController->run('about')
#2 C:\xampp\htdocs\hotline\framework\web\CWebApplication.php(141): CWebApplication->runController('site/about')
#3 C:\xampp\htdocs\hotline\framework\base\CApplication.php(169): CWebApplication->processRequest()
#4 C:\xampp\htdocs\hotline\app\hot\index.php(13): CApplication->run()
#5 {main}
REQUEST_URI=/hotline/app/hot/index.php?r=site/about
---
2013/01/26 13:41:40 [error] [exception.CHttpException.404] exception 'CHttpException' with message 'The system is unable to find the requested action "pages".' in C:\xampp\htdocs\hotline\framework\web\CController.php:483
Stack trace:
#0 C:\xampp\htdocs\hotline\framework\web\CController.php(270): CController->missingAction('pages')
#1 C:\xampp\htdocs\hotline\framework\web\CWebApplication.php(282): CController->run('pages')
#2 C:\xampp\htdocs\hotline\framework\web\CWebApplication.php(141): CWebApplication->runController('site/pages/abou...')
#3 C:\xampp\htdocs\hotline\framework\base\CApplication.php(169): CWebApplication->processRequest()
#4 C:\xampp\htdocs\hotline\app\hot\index.php(13): CApplication->run()
#5 {main}
REQUEST_URI=/hotline/app/hot/index.php?r=site/pages/about
---
2013/01/26 13:41:45 [error] [exception.CHttpException.404] exception 'CHttpException' with message 'The system is unable to find the requested action "about".' in C:\xampp\htdocs\hotline\framework\web\CController.php:483
Stack trace:
#0 C:\xampp\htdocs\hotline\framework\web\CController.php(270): CController->missingAction('about')
#1 C:\xampp\htdocs\hotline\framework\web\CWebApplication.php(282): CController->run('about')
#2 C:\xampp\htdocs\hotline\framework\web\CWebApplication.php(141): CWebApplication->runController('site/about')
#3 C:\xampp\htdocs\hotline\framework\base\CApplication.php(169): CWebApplication->processRequest()
#4 C:\xampp\htdocs\hotline\app\hot\index.php(13): CApplication->run()
#5 {main}
REQUEST_URI=/hotline/app/hot/index.php?r=site/about
---
2013/01/26 13:41:51 [error] [exception.CHttpException.404] exception 'CHttpException' with message 'Unable to resolve the request "pages/about".' in C:\xampp\htdocs\hotline\framework\web\CWebApplication.php:286
Stack trace:
#0 C:\xampp\htdocs\hotline\framework\web\CWebApplication.php(141): CWebApplication->runController('pages/about')
#1 C:\xampp\htdocs\hotline\framework\base\CApplication.php(169): CWebApplication->processRequest()
#2 C:\xampp\htdocs\hotline\app\hot\index.php(13): CApplication->run()
#3 {main}
REQUEST_URI=/hotline/app/hot/index.php?r=pages/about
---
2013/01/26 13:43:13 [error] [exception.CHttpException.404] exception 'CHttpException' with message 'Unable to resolve the request "pages/about".' in C:\xampp\htdocs\hotline\framework\web\CWebApplication.php:286
Stack trace:
#0 C:\xampp\htdocs\hotline\framework\web\CWebApplication.php(141): CWebApplication->runController('pages/about')
#1 C:\xampp\htdocs\hotline\framework\base\CApplication.php(169): CWebApplication->processRequest()
#2 C:\xampp\htdocs\hotline\app\hot\index.php(13): CApplication->run()
#3 {main}
REQUEST_URI=/hotline/app/hot/index.php?r=pages/about
---
2013/01/26 13:50:18 [error] [exception.CHttpException.404] exception 'CHttpException' with message 'The system is unable to find the requested action "pages".' in C:\xampp\htdocs\hotline\framework\web\CController.php:483
Stack trace:
#0 C:\xampp\htdocs\hotline\framework\web\CController.php(270): CController->missingAction('pages')
#1 C:\xampp\htdocs\hotline\framework\web\CWebApplication.php(282): CController->run('pages')
#2 C:\xampp\htdocs\hotline\framework\web\CWebApplication.php(141): CWebApplication->runController('site/pages')
#3 C:\xampp\htdocs\hotline\framework\base\CApplication.php(169): CWebApplication->processRequest()
#4 C:\xampp\htdocs\hotline\app\hot\index.php(13): CApplication->run()
#5 {main}
REQUEST_URI=/hotline/app/hot/index.php?r=site/pages&view=buyer
HTTP_REFERER=http://localhost:8080/hotline/app/hot/index.php
---
2013/01/26 13:50:23 [error] [exception.CHttpException.404] exception 'CHttpException' with message 'The system is unable to find the requested action "pages".' in C:\xampp\htdocs\hotline\framework\web\CController.php:483
Stack trace:
#0 C:\xampp\htdocs\hotline\framework\web\CController.php(270): CController->missingAction('pages')
#1 C:\xampp\htdocs\hotline\framework\web\CWebApplication.php(282): CController->run('pages')
#2 C:\xampp\htdocs\hotline\framework\web\CWebApplication.php(141): CWebApplication->runController('site/pages')
#3 C:\xampp\htdocs\hotline\framework\base\CApplication.php(169): CWebApplication->processRequest()
#4 C:\xampp\htdocs\hotline\app\hot\index.php(13): CApplication->run()
#5 {main}
REQUEST_URI=/hotline/app/hot/index.php?r=site/pages&view=seller
HTTP_REFERER=http://localhost:8080/hotline/app/hot/index.php?r=site/pages&view=buyer
---
2013/01/26 13:50:25 [error] [exception.CHttpException.404] exception 'CHttpException' with message 'The system is unable to find the requested action "pages".' in C:\xampp\htdocs\hotline\framework\web\CController.php:483
Stack trace:
#0 C:\xampp\htdocs\hotline\framework\web\CController.php(270): CController->missingAction('pages')
#1 C:\xampp\htdocs\hotline\framework\web\CWebApplication.php(282): CController->run('pages')
#2 C:\xampp\htdocs\hotline\framework\web\CWebApplication.php(141): CWebApplication->runController('site/pages')
#3 C:\xampp\htdocs\hotline\framework\base\CApplication.php(169): CWebApplication->processRequest()
#4 C:\xampp\htdocs\hotline\app\hot\index.php(13): CApplication->run()
#5 {main}
REQUEST_URI=/hotline/app/hot/index.php?r=site/pages&view=buyer
HTTP_REFERER=http://localhost:8080/hotline/app/hot/index.php?r=site/pages&view=seller
---
2013/01/26 13:51:12 [error] [exception.CHttpException.404] exception 'CHttpException' with message 'The system is unable to find the requested action "pages".' in C:\xampp\htdocs\hotline\framework\web\CController.php:483
Stack trace:
#0 C:\xampp\htdocs\hotline\framework\web\CController.php(270): CController->missingAction('pages')
#1 C:\xampp\htdocs\hotline\framework\web\CWebApplication.php(282): CController->run('pages')
#2 C:\xampp\htdocs\hotline\framework\web\CWebApplication.php(141): CWebApplication->runController('site/pages')
#3 C:\xampp\htdocs\hotline\framework\base\CApplication.php(169): CWebApplication->processRequest()
#4 C:\xampp\htdocs\hotline\app\hot\index.php(13): CApplication->run()
#5 {main}
REQUEST_URI=/hotline/app/hot/index.php?r=site/pages&view=buyer
HTTP_REFERER=http://localhost:8080/hotline/app/hot/index.php?r=site/page&view=buyer
---
2013/01/26 13:51:27 [error] [exception.CHttpException.404] exception 'CHttpException' with message 'The system is unable to find the requested action "pages".' in C:\xampp\htdocs\hotline\framework\web\CController.php:483
Stack trace:
#0 C:\xampp\htdocs\hotline\framework\web\CController.php(270): CController->missingAction('pages')
#1 C:\xampp\htdocs\hotline\framework\web\CWebApplication.php(282): CController->run('pages')
#2 C:\xampp\htdocs\hotline\framework\web\CWebApplication.php(141): CWebApplication->runController('site/pages')
#3 C:\xampp\htdocs\hotline\framework\base\CApplication.php(169): CWebApplication->processRequest()
#4 C:\xampp\htdocs\hotline\app\hot\index.php(13): CApplication->run()
#5 {main}
REQUEST_URI=/hotline/app/hot/index.php?r=site/pages&view=buyer
HTTP_REFERER=http://localhost:8080/hotline/app/hot/index.php?r=site/pages&view=buyer
---
2013/01/26 13:52:21 [error] [exception.CHttpException.404] exception 'CHttpException' with message 'The system is unable to find the requested action "auction".' in C:\xampp\htdocs\hotline\framework\web\CController.php:483
Stack trace:
#0 C:\xampp\htdocs\hotline\framework\web\CController.php(270): CController->missingAction('auction')
#1 C:\xampp\htdocs\hotline\framework\web\CWebApplication.php(282): CController->run('auction')
#2 C:\xampp\htdocs\hotline\framework\web\CWebApplication.php(141): CWebApplication->runController('product/auction')
#3 C:\xampp\htdocs\hotline\framework\base\CApplication.php(169): CWebApplication->processRequest()
#4 C:\xampp\htdocs\hotline\app\hot\index.php(13): CApplication->run()
#5 {main}
REQUEST_URI=/hotline/app/hot/index.php?r=product/auction
HTTP_REFERER=http://localhost:8080/hotline/app/hot/index.php
---
2013/01/26 13:52:30 [error] [exception.CHttpException.404] exception 'CHttpException' with message 'The system is unable to find the requested action "auction".' in C:\xampp\htdocs\hotline\framework\web\CController.php:483
Stack trace:
#0 C:\xampp\htdocs\hotline\framework\web\CController.php(270): CController->missingAction('auction')
#1 C:\xampp\htdocs\hotline\framework\web\CWebApplication.php(282): CController->run('auction')
#2 C:\xampp\htdocs\hotline\framework\web\CWebApplication.php(141): CWebApplication->runController('product/auction')
#3 C:\xampp\htdocs\hotline\framework\base\CApplication.php(169): CWebApplication->processRequest()
#4 C:\xampp\htdocs\hotline\app\hot\index.php(13): CApplication->run()
#5 {main}
REQUEST_URI=/hotline/app/hot/index.php?r=product/auction
HTTP_REFERER=http://localhost:8080/hotline/app/hot/index.php?r=product/auction
---
2013/01/26 13:53:17 [error] [php] Undefined variable: products (C:\xampp\htdocs\hotline\app\hot\protected\views\product\auction.php:1)
Stack trace:
#0 C:\xampp\htdocs\hotline\framework\web\CController.php(869): ProductController->renderFile()
#1 C:\xampp\htdocs\hotline\framework\web\CController.php(782): ProductController->renderPartial()
#2 C:\xampp\htdocs\hotline\app\hot\protected\controllers\ProductController.php(20): ProductController->render()
#3 C:\xampp\htdocs\hotline\framework\web\actions\CInlineAction.php(49): ProductController->actionAuction()
#4 C:\xampp\htdocs\hotline\framework\web\CController.php(308): CInlineAction->runWithParams()
#5 C:\xampp\htdocs\hotline\framework\web\CController.php(286): ProductController->runAction()
#6 C:\xampp\htdocs\hotline\framework\web\CController.php(265): ProductController->runActionWithFilters()
#7 C:\xampp\htdocs\hotline\framework\web\CWebApplication.php(282): ProductController->run()
#8 C:\xampp\htdocs\hotline\framework\web\CWebApplication.php(141): CWebApplication->runController()
#9 C:\xampp\htdocs\hotline\framework\base\CApplication.php(169): CWebApplication->processRequest()
#10 C:\xampp\htdocs\hotline\app\hot\index.php(13): CWebApplication->run()
REQUEST_URI=/hotline/app/hot/index.php?r=product/auction
in C:\xampp\htdocs\hotline\app\hot\protected\views\product\auction.php (1)
in C:\xampp\htdocs\hotline\app\hot\protected\controllers\ProductController.php (20)
in C:\xampp\htdocs\hotline\app\hot\index.php (13)
2013/01/26 13:53:48 [error] [php] Undefined index: category_id (C:\xampp\htdocs\hotline\app\hot\protected\controllers\ProductController.php:24)
Stack trace:
#0 C:\xampp\htdocs\hotline\framework\web\CController.php(286): ProductController->runAction()
#1 C:\xampp\htdocs\hotline\framework\web\CController.php(265): ProductController->runActionWithFilters()
#2 C:\xampp\htdocs\hotline\framework\web\CWebApplication.php(282): ProductController->run()
#3 C:\xampp\htdocs\hotline\framework\web\CWebApplication.php(141): CWebApplication->runController()
#4 C:\xampp\htdocs\hotline\framework\base\CApplication.php(169): CWebApplication->processRequest()
#5 C:\xampp\htdocs\hotline\app\hot\index.php(13): CWebApplication->run()
REQUEST_URI=/hotline/app/hot/index.php?r=product/auction
in C:\xampp\htdocs\hotline\app\hot\protected\controllers\ProductController.php (24)
in C:\xampp\htdocs\hotline\app\hot\index.php (13)
2013/01/26 13:54:20 [error] [php] Undefined index: category_id (C:\xampp\htdocs\hotline\app\hot\protected\controllers\ProductController.php:24)
Stack trace:
#0 C:\xampp\htdocs\hotline\framework\web\CController.php(286): ProductController->runAction()
#1 C:\xampp\htdocs\hotline\framework\web\CController.php(265): ProductController->runActionWithFilters()
#2 C:\xampp\htdocs\hotline\framework\web\CWebApplication.php(282): ProductController->run()
#3 C:\xampp\htdocs\hotline\framework\web\CWebApplication.php(141): CWebApplication->runController()
#4 C:\xampp\htdocs\hotline\framework\base\CApplication.php(169): CWebApplication->processRequest()
#5 C:\xampp\htdocs\hotline\app\hot\index.php(13): CWebApplication->run()
REQUEST_URI=/hotline/app/hot/index.php?r=product/auction
in C:\xampp\htdocs\hotline\app\hot\protected\controllers\ProductController.php (24)
in C:\xampp\htdocs\hotline\app\hot\index.php (13)
2013/01/26 13:57:13 [error] [php] Undefined index: view (C:\xampp\htdocs\hotline\app\hot\protected\views\layouts\main.php:34)
Stack trace:
#0 C:\xampp\htdocs\hotline\framework\web\widgets\CContentDecorator.php(76): ProductController->renderFile()
#1 C:\xampp\htdocs\hotline\framework\web\widgets\CContentDecorator.php(54): CContentDecorator->decorate()
#2 C:\xampp\htdocs\hotline\framework\web\widgets\COutputProcessor.php(44): CContentDecorator->processOutput()
#3 C:\xampp\htdocs\hotline\framework\web\CBaseController.php(206): CContentDecorator->run()
#4 C:\xampp\htdocs\hotline\framework\web\CBaseController.php(300): ProductController->endWidget()
#5 C:\xampp\htdocs\hotline\app\hot\protected\views\layouts\leftmenu.php(12): ProductController->endContent()
#6 C:\xampp\htdocs\hotline\framework\web\CBaseController.php(126): require()
#7 C:\xampp\htdocs\hotline\framework\web\CBaseController.php(95): ProductController->renderInternal()
#8 C:\xampp\htdocs\hotline\framework\web\CController.php(784): ProductController->renderFile()
#9 C:\xampp\htdocs\hotline\app\hot\protected\controllers\ProductController.php(30): ProductController->render()
#10 C:\xampp\htdocs\hotline\framework\web\actions\CInlineAction.php(49): ProductController->actionAuction()
#11 C:\xampp\htdocs\hotline\framework\web\CController.php(308): CInlineAction->runWithParams()
#12 C:\xampp\htdocs\hotline\framework\web\CController.php(286): ProductController->runAction()
#13 C:\xampp\htdocs\hotline\framework\web\CController.php(265): ProductController->runActionWithFilters()
#14 C:\xampp\htdocs\hotline\framework\web\CWebApplication.php(282): ProductController->run()
#15 C:\xampp\htdocs\hotline\framework\web\CWebApplication.php(141): CWebApplication->runController()
#16 C:\xampp\htdocs\hotline\framework\base\CApplication.php(169): CWebApplication->processRequest()
#17 C:\xampp\htdocs\hotline\app\hot\index.php(13): CWebApplication->run()
REQUEST_URI=/hotline/app/hot/index.php?r=product/auction&category_id=2
in C:\xampp\htdocs\hotline\app\hot\protected\views\layouts\main.php (34)
in C:\xampp\htdocs\hotline\app\hot\protected\views\layouts\leftmenu.php (12)
in C:\xampp\htdocs\hotline\app\hot\protected\controllers\ProductController.php (30)
2013/01/26 13:57:58 [error] [php] Undefined index: r (C:\xampp\htdocs\hotline\app\hot\protected\views\layouts\main.php:32)
Stack trace:
#0 C:\xampp\htdocs\hotline\framework\web\widgets\CContentDecorator.php(76): ProductController->renderFile()
#1 C:\xampp\htdocs\hotline\framework\web\widgets\CContentDecorator.php(54): CContentDecorator->decorate()
#2 C:\xampp\htdocs\hotline\framework\web\widgets\COutputProcessor.php(44): CContentDecorator->processOutput()
#3 C:\xampp\htdocs\hotline\framework\web\CBaseController.php(206): CContentDecorator->run()
#4 C:\xampp\htdocs\hotline\framework\web\CBaseController.php(300): ProductController->endWidget()
#5 C:\xampp\htdocs\hotline\app\hot\protected\views\layouts\leftmenu.php(12): ProductController->endContent()
#6 C:\xampp\htdocs\hotline\framework\web\CBaseController.php(126): require()
#7 C:\xampp\htdocs\hotline\framework\web\CBaseController.php(95): ProductController->renderInternal()
#8 C:\xampp\htdocs\hotline\framework\web\CController.php(784): ProductController->renderFile()
#9 C:\xampp\htdocs\hotline\app\hot\protected\controllers\ProductController.php(15): ProductController->render()
#10 C:\xampp\htdocs\hotline\framework\web\actions\CInlineAction.php(49): ProductController->actionIndex()
#11 C:\xampp\htdocs\hotline\framework\web\CController.php(308): CInlineAction->runWithParams()
#12 C:\xampp\htdocs\hotline\framework\web\CController.php(286): ProductController->runAction()
#13 C:\xampp\htdocs\hotline\framework\web\CController.php(265): ProductController->runActionWithFilters()
#14 C:\xampp\htdocs\hotline\framework\web\CWebApplication.php(282): ProductController->run()
#15 C:\xampp\htdocs\hotline\framework\web\CWebApplication.php(141): CWebApplication->runController()
#16 C:\xampp\htdocs\hotline\framework\base\CApplication.php(169): CWebApplication->processRequest()
#17 C:\xampp\htdocs\hotline\app\hot\index.php(13): CWebApplication->run()
REQUEST_URI=/hotline/app/hot/index.php
in C:\xampp\htdocs\hotline\app\hot\protected\views\layouts\main.php (32)
in C:\xampp\htdocs\hotline\app\hot\protected\views\layouts\leftmenu.php (12)
in C:\xampp\htdocs\hotline\app\hot\protected\controllers\ProductController.php (15)
2013/01/26 13:58:34 [error] [php] Undefined index: r (C:\xampp\htdocs\hotline\app\hot\protected\views\layouts\main.php:33)
Stack trace:
#0 C:\xampp\htdocs\hotline\framework\web\widgets\CContentDecorator.php(76): ProductController->renderFile()
#1 C:\xampp\htdocs\hotline\framework\web\widgets\CContentDecorator.php(54): CContentDecorator->decorate()
#2 C:\xampp\htdocs\hotline\framework\web\widgets\COutputProcessor.php(44): CContentDecorator->processOutput()
#3 C:\xampp\htdocs\hotline\framework\web\CBaseController.php(206): CContentDecorator->run()
#4 C:\xampp\htdocs\hotline\framework\web\CBaseController.php(300): ProductController->endWidget()
#5 C:\xampp\htdocs\hotline\app\hot\protected\views\layouts\leftmenu.php(12): ProductController->endContent()
#6 C:\xampp\htdocs\hotline\framework\web\CBaseController.php(126): require()
#7 C:\xampp\htdocs\hotline\framework\web\CBaseController.php(95): ProductController->renderInternal()
#8 C:\xampp\htdocs\hotline\framework\web\CController.php(784): ProductController->renderFile()
#9 C:\xampp\htdocs\hotline\app\hot\protected\controllers\ProductController.php(15): ProductController->render()
#10 C:\xampp\htdocs\hotline\framework\web\actions\CInlineAction.php(49): ProductController->actionIndex()
#11 C:\xampp\htdocs\hotline\framework\web\CController.php(308): CInlineAction->runWithParams()
#12 C:\xampp\htdocs\hotline\framework\web\CController.php(286): ProductController->runAction()
#13 C:\xampp\htdocs\hotline\framework\web\CController.php(265): ProductController->runActionWithFilters()
#14 C:\xampp\htdocs\hotline\framework\web\CWebApplication.php(282): ProductController->run()
#15 C:\xampp\htdocs\hotline\framework\web\CWebApplication.php(141): CWebApplication->runController()
#16 C:\xampp\htdocs\hotline\framework\base\CApplication.php(169): CWebApplication->processRequest()
#17 C:\xampp\htdocs\hotline\app\hot\index.php(13): CWebApplication->run()
REQUEST_URI=/hotline/app/hot/index.php
in C:\xampp\htdocs\hotline\app\hot\protected\views\layouts\main.php (33)
in C:\xampp\htdocs\hotline\app\hot\protected\views\layouts\leftmenu.php (12)
in C:\xampp\htdocs\hotline\app\hot\protected\controllers\ProductController.php (15)
2013/01/27 10:43:16 [error] [exception.CException] exception 'CException' with message 'Property "Product.image_naem" is not defined.' in C:\xampp\htdocs\hotline\framework\base\CComponent.php:130
Stack trace:
#0 C:\xampp\htdocs\hotline\framework\db\ar\CActiveRecord.php(143): CComponent->__get('image_naem')
#1 C:\xampp\htdocs\hotline\app\hot\protected\views\product\items.php(10): CActiveRecord->__get('image_naem')
#2 C:\xampp\htdocs\hotline\framework\web\CBaseController.php(126): require('C:\xampp\htdocs...')
#3 C:\xampp\htdocs\hotline\framework\web\CBaseController.php(95): CBaseController->renderInternal('C:\xampp\htdocs...', Array, true)
#4 C:\xampp\htdocs\hotline\framework\web\CController.php(869): CBaseController->renderFile('C:\xampp\htdocs...', Array, true)
#5 C:\xampp\htdocs\hotline\framework\web\CController.php(782): CController->renderPartial('items', Array, true)
#6 C:\xampp\htdocs\hotline\app\hot\protected\controllers\ProductController.php(58): CController->render('items', Array)
#7 C:\xampp\htdocs\hotline\framework\web\actions\CInlineAction.php(49): ProductController->actionItems()
#8 C:\xampp\htdocs\hotline\framework\web\CController.php(308): CInlineAction->runWithParams(Array)
#9 C:\xampp\htdocs\hotline\framework\web\CController.php(286): CController->runAction(Object(CInlineAction))
#10 C:\xampp\htdocs\hotline\framework\web\CController.php(265): CController->runActionWithFilters(Object(CInlineAction), Array)
#11 C:\xampp\htdocs\hotline\framework\web\CWebApplication.php(282): CController->run('items')
#12 C:\xampp\htdocs\hotline\framework\web\CWebApplication.php(141): CWebApplication->runController('product/items')
#13 C:\xampp\htdocs\hotline\framework\base\CApplication.php(169): CWebApplication->processRequest()
#14 C:\xampp\htdocs\hotline\app\hot\index.php(13): CApplication->run()
#15 {main}
REQUEST_URI=/hotline/app/hot/index.php?r=product/items&category_id=5
HTTP_REFERER=http://localhost:8080/hotline/app/hot/index.php?r=product/items&category_id=2
---
2013/01/27 10:43:26 [error] [exception.CException] exception 'CException' with message 'Property "Product.image_name" is not defined.' in C:\xampp\htdocs\hotline\framework\base\CComponent.php:130
Stack trace:
#0 C:\xampp\htdocs\hotline\framework\db\ar\CActiveRecord.php(143): CComponent->__get('image_name')
#1 C:\xampp\htdocs\hotline\app\hot\protected\views\product\items.php(10): CActiveRecord->__get('image_name')
#2 C:\xampp\htdocs\hotline\framework\web\CBaseController.php(126): require('C:\xampp\htdocs...')
#3 C:\xampp\htdocs\hotline\framework\web\CBaseController.php(95): CBaseController->renderInternal('C:\xampp\htdocs...', Array, true)
#4 C:\xampp\htdocs\hotline\framework\web\CController.php(869): CBaseController->renderFile('C:\xampp\htdocs...', Array, true)
#5 C:\xampp\htdocs\hotline\framework\web\CController.php(782): CController->renderPartial('items', Array, true)
#6 C:\xampp\htdocs\hotline\app\hot\protected\controllers\ProductController.php(58): CController->render('items', Array)
#7 C:\xampp\htdocs\hotline\framework\web\actions\CInlineAction.php(49): ProductController->actionItems()
#8 C:\xampp\htdocs\hotline\framework\web\CController.php(308): CInlineAction->runWithParams(Array)
#9 C:\xampp\htdocs\hotline\framework\web\CController.php(286): CController->runAction(Object(CInlineAction))
#10 C:\xampp\htdocs\hotline\framework\web\CController.php(265): CController->runActionWithFilters(Object(CInlineAction), Array)
#11 C:\xampp\htdocs\hotline\framework\web\CWebApplication.php(282): CController->run('items')
#12 C:\xampp\htdocs\hotline\framework\web\CWebApplication.php(141): CWebApplication->runController('product/items')
#13 C:\xampp\htdocs\hotline\framework\base\CApplication.php(169): CWebApplication->processRequest()
#14 C:\xampp\htdocs\hotline\app\hot\index.php(13): CApplication->run()
#15 {main}
REQUEST_URI=/hotline/app/hot/index.php?r=product/items&category_id=5
HTTP_REFERER=http://localhost:8080/hotline/app/hot/index.php?r=product/items&category_id=2
---
2013/01/27 10:51:35 [error] [system.db.CDbCommand] CDbCommand::fetchAll() failed: SQLSTATE[42000]: Syntax error or access violation: 1064 You have an error in your SQL syntax; check the manual that corresponds to your MySQL server version for the right syntax to use near 'order by rand() limit 4' at line 1. The SQL statement executed was: SELECT * FROM `product` `t` WHERE order by rand() limit 4.
in C:\xampp\htdocs\hotline\app\hot\protected\controllers\ProductController.php (15)
in C:\xampp\htdocs\hotline\app\hot\index.php (13)
2013/01/27 10:51:35 [error] [exception.CDbException] exception 'CDbException' with message 'CDbCommand failed to execute the SQL statement: SQLSTATE[42000]: Syntax error or access violation: 1064 You have an error in your SQL syntax; check the manual that corresponds to your MySQL server version for the right syntax to use near 'order by rand() limit 4' at line 1. The SQL statement executed was: SELECT * FROM `product` `t` WHERE order by rand() limit 4' in C:\xampp\htdocs\hotline\framework\db\CDbCommand.php:541
Stack trace:
#0 C:\xampp\htdocs\hotline\framework\db\CDbCommand.php(395): CDbCommand->queryInternal('fetchAll', Array, Array)
#1 C:\xampp\htdocs\hotline\framework\db\ar\CActiveRecord.php(1297): CDbCommand->queryAll()
#2 C:\xampp\htdocs\hotline\framework\db\ar\CActiveRecord.php(1416): CActiveRecord->query(Object(CDbCriteria), true)
#3 C:\xampp\htdocs\hotline\app\hot\protected\controllers\ProductController.php(15): CActiveRecord->findAll('order by rand()...')
#4 C:\xampp\htdocs\hotline\framework\web\actions\CInlineAction.php(49): ProductController->actionIndex()
#5 C:\xampp\htdocs\hotline\framework\web\CController.php(308): CInlineAction->runWithParams(Array)
#6 C:\xampp\htdocs\hotline\framework\web\CController.php(286): CController->runAction(Object(CInlineAction))
#7 C:\xampp\htdocs\hotline\framework\web\CController.php(265): CController->runActionWithFilters(Object(CInlineAction), Array)
#8 C:\xampp\htdocs\hotline\framework\web\CWebApplication.php(282): CController->run('index')
#9 C:\xampp\htdocs\hotline\framework\web\CWebApplication.php(141): CWebApplication->runController('')
#10 C:\xampp\htdocs\hotline\framework\base\CApplication.php(169): CWebApplication->processRequest()
#11 C:\xampp\htdocs\hotline\app\hot\index.php(13): CApplication->run()
#12 {main}
REQUEST_URI=/hotline/app/hot/index.php
HTTP_REFERER=http://localhost:8080/hotline/app/hot/index.php?r=product/items&category_id=6
---
2013/01/27 10:52:26 [error] [system.db.CDbCommand] CDbCommand::fetchAll() failed: SQLSTATE[42000]: Syntax error or access violation: 1064 You have an error in your SQL syntax; check the manual that corresponds to your MySQL server version for the right syntax to use near 'order by rand() limit 4' at line 1. The SQL statement executed was: SELECT * FROM `product` `t` WHERE order by rand() limit 4.
in C:\xampp\htdocs\hotline\app\hot\protected\controllers\ProductController.php (15)
in C:\xampp\htdocs\hotline\app\hot\index.php (13)
2013/01/27 10:52:26 [error] [exception.CDbException] exception 'CDbException' with message 'CDbCommand failed to execute the SQL statement: SQLSTATE[42000]: Syntax error or access violation: 1064 You have an error in your SQL syntax; check the manual that corresponds to your MySQL server version for the right syntax to use near 'order by rand() limit 4' at line 1. The SQL statement executed was: SELECT * FROM `product` `t` WHERE order by rand() limit 4' in C:\xampp\htdocs\hotline\framework\db\CDbCommand.php:541
Stack trace:
#0 C:\xampp\htdocs\hotline\framework\db\CDbCommand.php(395): CDbCommand->queryInternal('fetchAll', Array, Array)
#1 C:\xampp\htdocs\hotline\framework\db\ar\CActiveRecord.php(1297): CDbCommand->queryAll()
#2 C:\xampp\htdocs\hotline\framework\db\ar\CActiveRecord.php(1416): CActiveRecord->query(Object(CDbCriteria), true)
#3 C:\xampp\htdocs\hotline\app\hot\protected\controllers\ProductController.php(15): CActiveRecord->findAll('order by rand()...')
#4 C:\xampp\htdocs\hotline\framework\web\actions\CInlineAction.php(49): ProductController->actionIndex()
#5 C:\xampp\htdocs\hotline\framework\web\CController.php(308): CInlineAction->runWithParams(Array)
#6 C:\xampp\htdocs\hotline\framework\web\CController.php(286): CController->runAction(Object(CInlineAction))
#7 C:\xampp\htdocs\hotline\framework\web\CController.php(265): CController->runActionWithFilters(Object(CInlineAction), Array)
#8 C:\xampp\htdocs\hotline\framework\web\CWebApplication.php(282): CController->run('index')
#9 C:\xampp\htdocs\hotline\framework\web\CWebApplication.php(141): CWebApplication->runController('')
#10 C:\xampp\htdocs\hotline\framework\base\CApplication.php(169): CWebApplication->processRequest()
#11 C:\xampp\htdocs\hotline\app\hot\index.php(13): CApplication->run()
#12 {main}
REQUEST_URI=/hotline/app/hot/index.php
HTTP_REFERER=http://localhost:8080/hotline/app/hot/index.php?r=product/items&category_id=6
---
2013/01/27 11:08:39 [error] [php] Undefined variable: product (C:\xampp\htdocs\hotline\app\hot\protected\views\product\index.php:26)
Stack trace:
#0 C:\xampp\htdocs\hotline\framework\web\CController.php(869): ProductController->renderFile()
#1 C:\xampp\htdocs\hotline\framework\web\CController.php(782): ProductController->renderPartial()
#2 C:\xampp\htdocs\hotline\app\hot\protected\controllers\ProductController.php(16): ProductController->render()
#3 C:\xampp\htdocs\hotline\framework\web\actions\CInlineAction.php(49): ProductController->actionIndex()
#4 C:\xampp\htdocs\hotline\framework\web\CController.php(308): CInlineAction->runWithParams()
#5 C:\xampp\htdocs\hotline\framework\web\CController.php(286): ProductController->runAction()
#6 C:\xampp\htdocs\hotline\framework\web\CController.php(265): ProductController->runActionWithFilters()
#7 C:\xampp\htdocs\hotline\framework\web\CWebApplication.php(282): ProductController->run()
#8 C:\xampp\htdocs\hotline\framework\web\CWebApplication.php(141): CWebApplication->runController()
#9 C:\xampp\htdocs\hotline\framework\base\CApplication.php(169): CWebApplication->processRequest()
#10 C:\xampp\htdocs\hotline\app\hot\index.php(13): CWebApplication->run()
REQUEST_URI=/hotline/app/hot/index.php
in C:\xampp\htdocs\hotline\app\hot\protected\views\product\index.php (26)
in C:\xampp\htdocs\hotline\app\hot\protected\controllers\ProductController.php (16)
in C:\xampp\htdocs\hotline\app\hot\index.php (13)
2013/01/27 11:09:27 [error] [php] Undefined variable: product (C:\xampp\htdocs\hotline\app\hot\protected\views\product\index.php:28)
Stack trace:
#0 C:\xampp\htdocs\hotline\framework\web\CController.php(869): ProductController->renderFile()
#1 C:\xampp\htdocs\hotline\framework\web\CController.php(782): ProductController->renderPartial()
#2 C:\xampp\htdocs\hotline\app\hot\protected\controllers\ProductController.php(16): ProductController->render()
#3 C:\xampp\htdocs\hotline\framework\web\actions\CInlineAction.php(49): ProductController->actionIndex()
#4 C:\xampp\htdocs\hotline\framework\web\CController.php(308): CInlineAction->runWithParams()
#5 C:\xampp\htdocs\hotline\framework\web\CController.php(286): ProductController->runAction()
#6 C:\xampp\htdocs\hotline\framework\web\CController.php(265): ProductController->runActionWithFilters()
#7 C:\xampp\htdocs\hotline\framework\web\CWebApplication.php(282): ProductController->run()
#8 C:\xampp\htdocs\hotline\framework\web\CWebApplication.php(141): CWebApplication->runController()
#9 C:\xampp\htdocs\hotline\framework\base\CApplication.php(169): CWebApplication->processRequest()
#10 C:\xampp\htdocs\hotline\app\hot\index.php(13): CWebApplication->run()
REQUEST_URI=/hotline/app/hot/index.php
in C:\xampp\htdocs\hotline\app\hot\protected\views\product\index.php (28)
in C:\xampp\htdocs\hotline\app\hot\protected\controllers\ProductController.php (16)
in C:\xampp\htdocs\hotline\app\hot\index.php (13)
2013/01/27 11:09:50 [error] [php] Trying to get property of non-object (C:\xampp\htdocs\hotline\app\hot\protected\views\product\index.php:28)
Stack trace:
#0 C:\xampp\htdocs\hotline\framework\web\CController.php(869): ProductController->renderFile()
#1 C:\xampp\htdocs\hotline\framework\web\CController.php(782): ProductController->renderPartial()
#2 C:\xampp\htdocs\hotline\app\hot\protected\controllers\ProductController.php(16): ProductController->render()
#3 C:\xampp\htdocs\hotline\framework\web\actions\CInlineAction.php(49): ProductController->actionIndex()
#4 C:\xampp\htdocs\hotline\framework\web\CController.php(308): CInlineAction->runWithParams()
#5 C:\xampp\htdocs\hotline\framework\web\CController.php(286): ProductController->runAction()
#6 C:\xampp\htdocs\hotline\framework\web\CController.php(265): ProductController->runActionWithFilters()
#7 C:\xampp\htdocs\hotline\framework\web\CWebApplication.php(282): ProductController->run()
#8 C:\xampp\htdocs\hotline\framework\web\CWebApplication.php(141): CWebApplication->runController()
#9 C:\xampp\htdocs\hotline\framework\base\CApplication.php(169): CWebApplication->processRequest()
#10 C:\xampp\htdocs\hotline\app\hot\index.php(13): CWebApplication->run()
REQUEST_URI=/hotline/app/hot/index.php
in C:\xampp\htdocs\hotline\app\hot\protected\views\product\index.php (28)
in C:\xampp\htdocs\hotline\app\hot\protected\controllers\ProductController.php (16)
in C:\xampp\htdocs\hotline\app\hot\index.php (13)
2013/01/27 11:10:24 [error] [php] Undefined offset: 4 (C:\xampp\htdocs\hotline\app\hot\protected\views\product\index.php:28)
Stack trace:
#0 C:\xampp\htdocs\hotline\framework\web\CController.php(869): ProductController->renderFile()
#1 C:\xampp\htdocs\hotline\framework\web\CController.php(782): ProductController->renderPartial()
#2 C:\xampp\htdocs\hotline\app\hot\protected\controllers\ProductController.php(16): ProductController->render()
#3 C:\xampp\htdocs\hotline\framework\web\actions\CInlineAction.php(49): ProductController->actionIndex()
#4 C:\xampp\htdocs\hotline\framework\web\CController.php(308): CInlineAction->runWithParams()
#5 C:\xampp\htdocs\hotline\framework\web\CController.php(286): ProductController->runAction()
#6 C:\xampp\htdocs\hotline\framework\web\CController.php(265): ProductController->runActionWithFilters()
#7 C:\xampp\htdocs\hotline\framework\web\CWebApplication.php(282): ProductController->run()
#8 C:\xampp\htdocs\hotline\framework\web\CWebApplication.php(141): CWebApplication->runController()
#9 C:\xampp\htdocs\hotline\framework\base\CApplication.php(169): CWebApplication->processRequest()
#10 C:\xampp\htdocs\hotline\app\hot\index.php(13): CWebApplication->run()
REQUEST_URI=/hotline/app/hot/index.php
in C:\xampp\htdocs\hotline\app\hot\protected\views\product\index.php (28)
in C:\xampp\htdocs\hotline\app\hot\protected\controllers\ProductController.php (16)
in C:\xampp\htdocs\hotline\app\hot\index.php (13)
2013/01/27 11:13:38 [error] [php] Undefined offset: 4 (C:\xampp\htdocs\hotline\app\hot\protected\views\product\index.php:27)
Stack trace:
#0 C:\xampp\htdocs\hotline\framework\web\CController.php(869): ProductController->renderFile()
#1 C:\xampp\htdocs\hotline\framework\web\CController.php(782): ProductController->renderPartial()
#2 C:\xampp\htdocs\hotline\app\hot\protected\controllers\ProductController.php(16): ProductController->render()
#3 C:\xampp\htdocs\hotline\framework\web\actions\CInlineAction.php(49): ProductController->actionIndex()
#4 C:\xampp\htdocs\hotline\framework\web\CController.php(308): CInlineAction->runWithParams()
#5 C:\xampp\htdocs\hotline\framework\web\CController.php(286): ProductController->runAction()
#6 C:\xampp\htdocs\hotline\framework\web\CController.php(265): ProductController->runActionWithFilters()
#7 C:\xampp\htdocs\hotline\framework\web\CWebApplication.php(282): ProductController->run()
#8 C:\xampp\htdocs\hotline\framework\web\CWebApplication.php(141): CWebApplication->runController()
#9 C:\xampp\htdocs\hotline\framework\base\CApplication.php(169): CWebApplication->processRequest()
#10 C:\xampp\htdocs\hotline\app\hot\index.php(13): CWebApplication->run()
REQUEST_URI=/hotline/app/hot/index.php
in C:\xampp\htdocs\hotline\app\hot\protected\views\product\index.php (27)
in C:\xampp\htdocs\hotline\app\hot\protected\controllers\ProductController.php (16)
in C:\xampp\htdocs\hotline\app\hot\index.php (13)
2013/01/27 20:10:51 [error] [php] include(Facebook.php) [<a href='function.include'>function.include</a>]: failed to open stream: No such file or directory (C:\xampp\htdocs\hotline\framework\YiiBase.php:421)
Stack trace:
#0 C:\xampp\htdocs\hotline\app\hot\protected\views\layouts\main.php(2): spl_autoload_call()
#1 C:\xampp\htdocs\hotline\framework\web\CBaseController.php(126): require()
#2 C:\xampp\htdocs\hotline\framework\web\CBaseController.php(95): ProductController->renderInternal()
#3 C:\xampp\htdocs\hotline\framework\web\widgets\CContentDecorator.php(76): ProductController->renderFile()
#4 C:\xampp\htdocs\hotline\framework\web\widgets\CContentDecorator.php(54): CContentDecorator->decorate()
#5 C:\xampp\htdocs\hotline\framework\web\widgets\COutputProcessor.php(44): CContentDecorator->processOutput()
#6 C:\xampp\htdocs\hotline\framework\web\CBaseController.php(206): CContentDecorator->run()
#7 C:\xampp\htdocs\hotline\framework\web\CBaseController.php(300): ProductController->endWidget()
#8 C:\xampp\htdocs\hotline\app\hot\protected\views\layouts\leftmenu.php(12): ProductController->endContent()
#9 C:\xampp\htdocs\hotline\framework\web\CBaseController.php(126): require()
#10 C:\xampp\htdocs\hotline\framework\web\CBaseController.php(95): ProductController->renderInternal()
#11 C:\xampp\htdocs\hotline\framework\web\CController.php(784): ProductController->renderFile()
#12 C:\xampp\htdocs\hotline\app\hot\protected\controllers\ProductController.php(59): ProductController->render()
#13 C:\xampp\htdocs\hotline\framework\web\actions\CInlineAction.php(49): ProductController->actionItems()
#14 C:\xampp\htdocs\hotline\framework\web\CController.php(308): CInlineAction->runWithParams()
#15 C:\xampp\htdocs\hotline\framework\web\CController.php(286): ProductController->runAction()
#16 C:\xampp\htdocs\hotline\framework\web\CController.php(265): ProductController->runActionWithFilters()
#17 C:\xampp\htdocs\hotline\framework\web\CWebApplication.php(282): ProductController->run()
#18 C:\xampp\htdocs\hotline\framework\web\CWebApplication.php(141): CWebApplication->runController()
#19 C:\xampp\htdocs\hotline\framework\base\CApplication.php(169): CWebApplication->processRequest()
#20 C:\xampp\htdocs\hotline\app\hot\index.php(13): CWebApplication->run()
REQUEST_URI=/hotline/app/hot/index.php?r=product/items&category_id=2
in C:\xampp\htdocs\hotline\app\hot\protected\views\layouts\main.php (2)
in C:\xampp\htdocs\hotline\app\hot\protected\views\layouts\leftmenu.php (12)
in C:\xampp\htdocs\hotline\app\hot\protected\controllers\ProductController.php (59)
2013/01/27 20:56:48 [error] [php] Undefined index: r (C:\xampp\htdocs\hotline\app\hot\protected\views\layouts\main.php:45)
Stack trace:
#0 C:\xampp\htdocs\hotline\framework\web\widgets\CContentDecorator.php(76): ProductController->renderFile()
#1 C:\xampp\htdocs\hotline\framework\web\widgets\CContentDecorator.php(54): CContentDecorator->decorate()
#2 C:\xampp\htdocs\hotline\framework\web\widgets\COutputProcessor.php(44): CContentDecorator->processOutput()
#3 C:\xampp\htdocs\hotline\framework\web\CBaseController.php(206): CContentDecorator->run()
#4 C:\xampp\htdocs\hotline\framework\web\CBaseController.php(300): ProductController->endWidget()
#5 C:\xampp\htdocs\hotline\app\hot\protected\views\layouts\leftmenu.php(12): ProductController->endContent()
#6 C:\xampp\htdocs\hotline\framework\web\CBaseController.php(126): require()
#7 C:\xampp\htdocs\hotline\framework\web\CBaseController.php(95): ProductController->renderInternal()
#8 C:\xampp\htdocs\hotline\framework\web\CController.php(784): ProductController->renderFile()
#9 C:\xampp\htdocs\hotline\app\hot\protected\controllers\ProductController.php(16): ProductController->render()
#10 C:\xampp\htdocs\hotline\framework\web\actions\CInlineAction.php(49): ProductController->actionIndex()
#11 C:\xampp\htdocs\hotline\framework\web\CController.php(308): CInlineAction->runWithParams()
#12 C:\xampp\htdocs\hotline\framework\web\CController.php(286): ProductController->runAction()
#13 C:\xampp\htdocs\hotline\framework\web\CController.php(265): ProductController->runActionWithFilters()
#14 C:\xampp\htdocs\hotline\framework\web\CWebApplication.php(282): ProductController->run()
#15 C:\xampp\htdocs\hotline\framework\web\CWebApplication.php(141): CWebApplication->runController()
#16 C:\xampp\htdocs\hotline\framework\base\CApplication.php(169): CWebApplication->processRequest()
#17 C:\xampp\htdocs\hotline\app\hot\index.php(13): CWebApplication->run()
REQUEST_URI=/hotline/app/hot/index.php
in C:\xampp\htdocs\hotline\app\hot\protected\views\layouts\main.php (45)
in C:\xampp\htdocs\hotline\app\hot\protected\views\layouts\leftmenu.php (12)
in C:\xampp\htdocs\hotline\app\hot\protected\controllers\ProductController.php (16)
2013/01/27 20:58:11 [error] [php] Undefined index: category_id (C:\xampp\htdocs\hotline\app\hot\protected\controllers\ProductController.php:53)
Stack trace:
#0 C:\xampp\htdocs\hotline\framework\web\CController.php(286): ProductController->runAction()
#1 C:\xampp\htdocs\hotline\framework\web\CController.php(265): ProductController->runActionWithFilters()
#2 C:\xampp\htdocs\hotline\framework\web\CWebApplication.php(282): ProductController->run()
#3 C:\xampp\htdocs\hotline\framework\web\CWebApplication.php(141): CWebApplication->runController()
#4 C:\xampp\htdocs\hotline\framework\base\CApplication.php(169): CWebApplication->processRequest()
#5 C:\xampp\htdocs\hotline\app\hot\index.php(13): CWebApplication->run()
REQUEST_URI=/hotline/app/hot/index.php?r=product/items
in C:\xampp\htdocs\hotline\app\hot\protected\controllers\ProductController.php (53)
in C:\xampp\htdocs\hotline\app\hot\index.php (13)
2013/01/27 21:54:45 [error] [php] Object of class CHttpRequest could not be converted to string (C:\xampp\htdocs\hotline\app\hot\protected\views\layouts\main.php:14)
Stack trace:
#0 C:\xampp\htdocs\hotline\framework\web\widgets\CContentDecorator.php(76): ProductController->renderFile()
#1 C:\xampp\htdocs\hotline\framework\web\widgets\CContentDecorator.php(54): CContentDecorator->decorate()
#2 C:\xampp\htdocs\hotline\framework\web\widgets\COutputProcessor.php(44): CContentDecorator->processOutput()
#3 C:\xampp\htdocs\hotline\framework\web\CBaseController.php(206): CContentDecorator->run()
#4 C:\xampp\htdocs\hotline\framework\web\CBaseController.php(300): ProductController->endWidget()
#5 C:\xampp\htdocs\hotline\app\hot\protected\views\layouts\leftmenu.php(12): ProductController->endContent()
#6 C:\xampp\htdocs\hotline\framework\web\CBaseController.php(126): require()
#7 C:\xampp\htdocs\hotline\framework\web\CBaseController.php(95): ProductController->renderInternal()
#8 C:\xampp\htdocs\hotline\framework\web\CController.php(784): ProductController->renderFile()
#9 C:\xampp\htdocs\hotline\app\hot\protected\controllers\ProductController.php(16): ProductController->render()
#10 C:\xampp\htdocs\hotline\framework\web\actions\CInlineAction.php(49): ProductController->actionIndex()
#11 C:\xampp\htdocs\hotline\framework\web\CController.php(308): CInlineAction->runWithParams()
#12 C:\xampp\htdocs\hotline\framework\web\CController.php(286): ProductController->runAction()
#13 C:\xampp\htdocs\hotline\framework\web\CController.php(265): ProductController->runActionWithFilters()
#14 C:\xampp\htdocs\hotline\framework\web\CWebApplication.php(282): ProductController->run()
#15 C:\xampp\htdocs\hotline\framework\web\CWebApplication.php(141): CWebApplication->runController()
#16 C:\xampp\htdocs\hotline\framework\base\CApplication.php(169): CWebApplication->processRequest()
#17 C:\xampp\htdocs\hotline\app\hot\index.php(13): CWebApplication->run()
REQUEST_URI=/hotline/app/hot/index.php
in C:\xampp\htdocs\hotline\app\hot\protected\views\layouts\main.php (14)
in C:\xampp\htdocs\hotline\app\hot\protected\views\layouts\leftmenu.php (12)
in C:\xampp\htdocs\hotline\app\hot\protected\controllers\ProductController.php (16)
2013/01/27 21:54:52 [error] [exception.CException] exception 'CException' with message 'Property "CWebApplication.requestUrl" is not defined.' in C:\xampp\htdocs\hotline\framework\base\CComponent.php:130
Stack trace:
#0 C:\xampp\htdocs\hotline\framework\base\CModule.php(105): CComponent->__get('requestUrl')
#1 C:\xampp\htdocs\hotline\app\hot\protected\views\layouts\main.php(14): CModule->__get('requestUrl')
#2 C:\xampp\htdocs\hotline\framework\web\CBaseController.php(126): require('C:\xampp\htdocs...')
#3 C:\xampp\htdocs\hotline\framework\web\CBaseController.php(95): CBaseController->renderInternal('C:\xampp\htdocs...', Array, true)
#4 C:\xampp\htdocs\hotline\framework\web\widgets\CContentDecorator.php(76): CBaseController->renderFile('C:\xampp\htdocs...', Array, true)
#5 C:\xampp\htdocs\hotline\framework\web\widgets\CContentDecorator.php(54): CContentDecorator->decorate('<div class="spa...')
#6 C:\xampp\htdocs\hotline\framework\web\widgets\COutputProcessor.php(44): CContentDecorator->processOutput('<div class="spa...')
#7 C:\xampp\htdocs\hotline\framework\web\CBaseController.php(206): COutputProcessor->run()
#8 C:\xampp\htdocs\hotline\framework\web\CBaseController.php(300): CBaseController->endWidget('CContentDecorat...')
#9 C:\xampp\htdocs\hotline\app\hot\protected\views\layouts\leftmenu.php(12): CBaseController->endContent()
#10 C:\xampp\htdocs\hotline\framework\web\CBaseController.php(126): require('C:\xampp\htdocs...')
#11 C:\xampp\htdocs\hotline\framework\web\CBaseController.php(95): CBaseController->renderInternal('C:\xampp\htdocs...', Array, true)
#12 C:\xampp\htdocs\hotline\framework\web\CController.php(784): CBaseController->renderFile('C:\xampp\htdocs...', Array, true)
#13 C:\xampp\htdocs\hotline\app\hot\protected\controllers\ProductController.php(16): CController->render('index', Array)
#14 C:\xampp\htdocs\hotline\framework\web\actions\CInlineAction.php(49): ProductController->actionIndex()
#15 C:\xampp\htdocs\hotline\framework\web\CController.php(308): CInlineAction->runWithParams(Array)
#16 C:\xampp\htdocs\hotline\framework\web\CController.php(286): CController->runAction(Object(CInlineAction))
#17 C:\xampp\htdocs\hotline\framework\web\CController.php(265): CController->runActionWithFilters(Object(CInlineAction), Array)
#18 C:\xampp\htdocs\hotline\framework\web\CWebApplication.php(282): CController->run('index')
#19 C:\xampp\htdocs\hotline\framework\web\CWebApplication.php(141): CWebApplication->runController('')
#20 C:\xampp\htdocs\hotline\framework\base\CApplication.php(169): CWebApplication->processRequest()
#21 C:\xampp\htdocs\hotline\app\hot\index.php(13): CApplication->run()
#22 {main}
REQUEST_URI=/hotline/app/hot/index.php
HTTP_REFERER=http://localhost:8080/hotline/app/hot/index.php?state=55efe902374ed287ad787f3e100266e1&code=AQClcpuXAmYOEhGj2bdAYyehxVXo9AnidQzJ4mCQyX-FfbzbEmxoEJVIg3m74uITnn5j_o-qDBGykzCnna-I1ohh6YjjhKTSrcVbjR1zRIeSapa1LA36ugST_JIWYiRV7cyxmE_xslVquVPQwa5vuhC4zLyF91rjjQtfDfbXIDuTGaItLdHdknLJG03p3OowyDKH2LY78v84nubipiyKEcuG
---
2013/01/28 22:48:48 [error] [php] include(Facebook.php) [<a href='function.include'>function.include</a>]: failed to open stream: No such file or directory (C:\xampp\htdocs\hotline\framework\YiiBase.php:421)
Stack trace:
#0 C:\xampp\htdocs\hotline\app\hot\protected\controllers\UserController.php(7): spl_autoload_call()
#1 C:\xampp\htdocs\hotline\framework\web\actions\CInlineAction.php(49): UserController->actionNewAuction()
#2 C:\xampp\htdocs\hotline\framework\web\CController.php(308): CInlineAction->runWithParams()
#3 C:\xampp\htdocs\hotline\framework\web\CController.php(286): UserController->runAction()
#4 C:\xampp\htdocs\hotline\framework\web\CController.php(265): UserController->runActionWithFilters()
#5 C:\xampp\htdocs\hotline\framework\web\CWebApplication.php(282): UserController->run()
#6 C:\xampp\htdocs\hotline\framework\web\CWebApplication.php(141): CWebApplication->runController()
#7 C:\xampp\htdocs\hotline\framework\base\CApplication.php(169): CWebApplication->processRequest()
#8 C:\xampp\htdocs\hotline\app\hot\index.php(13): CWebApplication->run()
REQUEST_URI=/hotline/app/hot/index.php
in C:\xampp\htdocs\hotline\app\hot\protected\controllers\UserController.php (7)
in C:\xampp\htdocs\hotline\app\hot\index.php (13)
2013/01/28 22:48:56 [error] [php] include(Facebook.php) [<a href='function.include'>function.include</a>]: failed to open stream: No such file or directory (C:\xampp\htdocs\hotline\framework\YiiBase.php:421)
Stack trace:
#0 C:\xampp\htdocs\hotline\app\hot\protected\controllers\UserController.php(7): spl_autoload_call()
#1 C:\xampp\htdocs\hotline\framework\web\actions\CInlineAction.php(49): UserController->actionNewAuction()
#2 C:\xampp\htdocs\hotline\framework\web\CController.php(308): CInlineAction->runWithParams()
#3 C:\xampp\htdocs\hotline\framework\web\CController.php(286): UserController->runAction()
#4 C:\xampp\htdocs\hotline\framework\web\CController.php(265): UserController->runActionWithFilters()
#5 C:\xampp\htdocs\hotline\framework\web\CWebApplication.php(282): UserController->run()
#6 C:\xampp\htdocs\hotline\framework\web\CWebApplication.php(141): CWebApplication->runController()
#7 C:\xampp\htdocs\hotline\framework\base\CApplication.php(169): CWebApplication->processRequest()
#8 C:\xampp\htdocs\hotline\app\hot\index.php(13): CWebApplication->run()
REQUEST_URI=/hotline/app/hot/index.php
in C:\xampp\htdocs\hotline\app\hot\protected\controllers\UserController.php (7)
in C:\xampp\htdocs\hotline\app\hot\index.php (13)
2013/01/28 22:50:39 [error] [php] include(Facebook.php) [<a href='function.include'>function.include</a>]: failed to open stream: No such file or directory (C:\xampp\htdocs\hotline\framework\YiiBase.php:421)
Stack trace:
#0 C:\xampp\htdocs\hotline\app\hot\protected\controllers\UserController.php(7): spl_autoload_call()
#1 C:\xampp\htdocs\hotline\framework\web\actions\CInlineAction.php(49): UserController->actionNewAuction()
#2 C:\xampp\htdocs\hotline\framework\web\CController.php(308): CInlineAction->runWithParams()
#3 C:\xampp\htdocs\hotline\framework\web\CController.php(286): UserController->runAction()
#4 C:\xampp\htdocs\hotline\framework\web\CController.php(265): UserController->runActionWithFilters()
#5 C:\xampp\htdocs\hotline\framework\web\CWebApplication.php(282): UserController->run()
#6 C:\xampp\htdocs\hotline\framework\web\CWebApplication.php(141): CWebApplication->runController()
#7 C:\xampp\htdocs\hotline\framework\base\CApplication.php(169): CWebApplication->processRequest()
#8 C:\xampp\htdocs\hotline\app\hot\index.php(13): CWebApplication->run()
REQUEST_URI=/hotline/app/hot/index.php
in C:\xampp\htdocs\hotline\app\hot\protected\controllers\UserController.php (7)
in C:\xampp\htdocs\hotline\app\hot\index.php (13)
2013/01/28 23:08:21 [error] [php] Trying to get property of non-object (C:\xampp\htdocs\hotline\app\hot\protected\controllers\UserController.php:17)
Stack trace:
#0 C:\xampp\htdocs\hotline\framework\web\CController.php(286): UserController->runAction()
#1 C:\xampp\htdocs\hotline\framework\web\CController.php(265): UserController->runActionWithFilters()
#2 C:\xampp\htdocs\hotline\framework\web\CWebApplication.php(282): UserController->run()
#3 C:\xampp\htdocs\hotline\framework\web\CWebApplication.php(141): CWebApplication->runController()
#4 C:\xampp\htdocs\hotline\framework\base\CApplication.php(169): CWebApplication->processRequest()
#5 C:\xampp\htdocs\hotline\app\hot\index.php(13): CWebApplication->run()
REQUEST_URI=/hotline/app/hot/index.php
in C:\xampp\htdocs\hotline\app\hot\protected\controllers\UserController.php (17)
in C:\xampp\htdocs\hotline\app\hot\index.php (13)
2013/01/28 23:15:00 [error] [php] Trying to get property of non-object (C:\xampp\htdocs\hotline\app\hot\protected\controllers\UserController.php:17)
Stack trace:
#0 C:\xampp\htdocs\hotline\framework\web\CController.php(286): UserController->runAction()
#1 C:\xampp\htdocs\hotline\framework\web\CController.php(265): UserController->runActionWithFilters()
#2 C:\xampp\htdocs\hotline\framework\web\CWebApplication.php(282): UserController->run()
#3 C:\xampp\htdocs\hotline\framework\web\CWebApplication.php(141): CWebApplication->runController()
#4 C:\xampp\htdocs\hotline\framework\base\CApplication.php(169): CWebApplication->processRequest()
#5 C:\xampp\htdocs\hotline\app\hot\index.php(13): CWebApplication->run()
REQUEST_URI=/hotline/app/hot/index.php
in C:\xampp\htdocs\hotline\app\hot\protected\controllers\UserController.php (17)
in C:\xampp\htdocs\hotline\app\hot\index.php (13)
2013/01/28 23:18:01 [error] [system.db.CDbCommand] CDbCommand::fetch() failed: SQLSTATE[HY093]: Invalid parameter number: number of bound variables does not match number of tokens. The SQL statement executed was: SELECT * FROM `auctions` `t` WHERE user_id=:user_id LIMIT 1.
in C:\xampp\htdocs\hotline\app\hot\protected\controllers\UserController.php (16)
in C:\xampp\htdocs\hotline\app\hot\index.php (13)
2013/01/28 23:18:01 [error] [exception.CDbException] exception 'CDbException' with message 'CDbCommand failed to execute the SQL statement: SQLSTATE[HY093]: Invalid parameter number: number of bound variables does not match number of tokens. The SQL statement executed was: SELECT * FROM `auctions` `t` WHERE user_id=:user_id LIMIT 1' in C:\xampp\htdocs\hotline\framework\db\CDbCommand.php:541
Stack trace:
#0 C:\xampp\htdocs\hotline\framework\db\CDbCommand.php(414): CDbCommand->queryInternal('fetch', Array, Array)
#1 C:\xampp\htdocs\hotline\framework\db\ar\CActiveRecord.php(1297): CDbCommand->queryRow()
#2 C:\xampp\htdocs\hotline\framework\db\ar\CActiveRecord.php(1402): CActiveRecord->query(Object(CDbCriteria))
#3 C:\xampp\htdocs\hotline\app\hot\protected\controllers\UserController.php(16): CActiveRecord->find('user_id=:user_i...', Array)
#4 C:\xampp\htdocs\hotline\framework\web\actions\CInlineAction.php(49): UserController->actionNewAuction()
#5 C:\xampp\htdocs\hotline\framework\web\CController.php(308): CInlineAction->runWithParams(Array)
#6 C:\xampp\htdocs\hotline\framework\web\CController.php(286): CController->runAction(Object(CInlineAction))
#7 C:\xampp\htdocs\hotline\framework\web\CController.php(265): CController->runActionWithFilters(Object(CInlineAction), Array)
#8 C:\xampp\htdocs\hotline\framework\web\CWebApplication.php(282): CController->run('newauction')
#9 C:\xampp\htdocs\hotline\framework\web\CWebApplication.php(141): CWebApplication->runController('user/newauction')
#10 C:\xampp\htdocs\hotline\framework\base\CApplication.php(169): CWebApplication->processRequest()
#11 C:\xampp\htdocs\hotline\app\hot\index.php(13): CApplication->run()
#12 {main}
REQUEST_URI=/hotline/app/hot/index.php
HTTP_REFERER=http://localhost:8080/hotline/app/hot/index.php?r=product/items&category_id=3
---
2013/01/28 23:38:28 [error] [system.db.CDbCommand] CDbCommand::fetchColumn() failed: SQLSTATE[HY093]: Invalid parameter number: parameter was not defined. The SQL statement executed was: SELECT COUNT(*) FROM `auctions` `t` WHERE user_id=:user_id.
in C:\xampp\htdocs\hotline\app\hot\protected\controllers\UserController.php (16)
in C:\xampp\htdocs\hotline\app\hot\index.php (13)
2013/01/28 23:38:28 [error] [exception.CDbException] exception 'CDbException' with message 'CDbCommand failed to execute the SQL statement: SQLSTATE[HY093]: Invalid parameter number: parameter was not defined. The SQL statement executed was: SELECT COUNT(*) FROM `auctions` `t` WHERE user_id=:user_id' in C:\xampp\htdocs\hotline\framework\db\CDbCommand.php:541
Stack trace:
#0 C:\xampp\htdocs\hotline\framework\db\CDbCommand.php(432): CDbCommand->queryInternal('fetchColumn', 0, Array)
#1 C:\xampp\htdocs\hotline\framework\db\ar\CActiveRecord.php(1546): CDbCommand->queryScalar()
#2 C:\xampp\htdocs\hotline\app\hot\protected\controllers\UserController.php(16): CActiveRecord->count('user_id=:user_i...', Array)
#3 C:\xampp\htdocs\hotline\framework\web\actions\CInlineAction.php(49): UserController->actionNewAuction()
#4 C:\xampp\htdocs\hotline\framework\web\CController.php(308): CInlineAction->runWithParams(Array)
#5 C:\xampp\htdocs\hotline\framework\web\CController.php(286): CController->runAction(Object(CInlineAction))
#6 C:\xampp\htdocs\hotline\framework\web\CController.php(265): CController->runActionWithFilters(Object(CInlineAction), Array)
#7 C:\xampp\htdocs\hotline\framework\web\CWebApplication.php(282): CController->run('newauction')
#8 C:\xampp\htdocs\hotline\framework\web\CWebApplication.php(141): CWebApplication->runController('user/newauction')
#9 C:\xampp\htdocs\hotline\framework\base\CApplication.php(169): CWebApplication->processRequest()
#10 C:\xampp\htdocs\hotline\app\hot\index.php(13): CApplication->run()
#11 {main}
REQUEST_URI=/hotline/app/hot/index.php
HTTP_REFERER=http://localhost:8080/hotline/app/hot/index.php?r=product/items&category_id=3
---
2013/01/28 23:40:11 [error] [system.db.CDbCommand] CDbCommand::fetchColumn() failed: SQLSTATE[HY093]: Invalid parameter number: number of bound variables does not match number of tokens. The SQL statement executed was: SELECT COUNT(*) FROM `auctions` `t` WHERE product_id=:product_id AND user_id=':user_id'.
in C:\xampp\htdocs\hotline\app\hot\protected\controllers\UserController.php (16)
in C:\xampp\htdocs\hotline\app\hot\index.php (13)
2013/01/28 23:40:11 [error] [exception.CDbException] exception 'CDbException' with message 'CDbCommand failed to execute the SQL statement: SQLSTATE[HY093]: Invalid parameter number: number of bound variables does not match number of tokens. The SQL statement executed was: SELECT COUNT(*) FROM `auctions` `t` WHERE product_id=:product_id AND user_id=':user_id'' in C:\xampp\htdocs\hotline\framework\db\CDbCommand.php:541
Stack trace:
#0 C:\xampp\htdocs\hotline\framework\db\CDbCommand.php(432): CDbCommand->queryInternal('fetchColumn', 0, Array)
#1 C:\xampp\htdocs\hotline\framework\db\ar\CActiveRecord.php(1546): CDbCommand->queryScalar()
#2 C:\xampp\htdocs\hotline\app\hot\protected\controllers\UserController.php(16): CActiveRecord->count('product_id=:pro...', Array)
#3 C:\xampp\htdocs\hotline\framework\web\actions\CInlineAction.php(49): UserController->actionNewAuction()
#4 C:\xampp\htdocs\hotline\framework\web\CController.php(308): CInlineAction->runWithParams(Array)
#5 C:\xampp\htdocs\hotline\framework\web\CController.php(286): CController->runAction(Object(CInlineAction))
#6 C:\xampp\htdocs\hotline\framework\web\CController.php(265): CController->runActionWithFilters(Object(CInlineAction), Array)
#7 C:\xampp\htdocs\hotline\framework\web\CWebApplication.php(282): CController->run('newauction')
#8 C:\xampp\htdocs\hotline\framework\web\CWebApplication.php(141): CWebApplication->runController('user/newauction')
#9 C:\xampp\htdocs\hotline\framework\base\CApplication.php(169): CWebApplication->processRequest()
#10 C:\xampp\htdocs\hotline\app\hot\index.php(13): CApplication->run()
#11 {main}
REQUEST_URI=/hotline/app/hot/index.php
HTTP_REFERER=http://localhost:8080/hotline/app/hot/index.php?r=product/items&category_id=3
---
2013/01/28 23:41:23 [error] [system.db.CDbCommand] CDbCommand::fetchColumn() failed: SQLSTATE[42S22]: Column not found: 1054 Unknown column 'user_idd' in 'where clause'. The SQL statement executed was: SELECT COUNT(*) FROM `auctions` `t` WHERE product_id=:product_id AND user_idd=:user_id.
in C:\xampp\htdocs\hotline\app\hot\protected\controllers\UserController.php (16)
in C:\xampp\htdocs\hotline\app\hot\index.php (13)
2013/01/28 23:41:23 [error] [exception.CDbException] exception 'CDbException' with message 'CDbCommand failed to execute the SQL statement: SQLSTATE[42S22]: Column not found: 1054 Unknown column 'user_idd' in 'where clause'. The SQL statement executed was: SELECT COUNT(*) FROM `auctions` `t` WHERE product_id=:product_id AND user_idd=:user_id' in C:\xampp\htdocs\hotline\framework\db\CDbCommand.php:541
Stack trace:
#0 C:\xampp\htdocs\hotline\framework\db\CDbCommand.php(432): CDbCommand->queryInternal('fetchColumn', 0, Array)
#1 C:\xampp\htdocs\hotline\framework\db\ar\CActiveRecord.php(1546): CDbCommand->queryScalar()
#2 C:\xampp\htdocs\hotline\app\hot\protected\controllers\UserController.php(16): CActiveRecord->count('product_id=:pro...', Array)
#3 C:\xampp\htdocs\hotline\framework\web\actions\CInlineAction.php(49): UserController->actionNewAuction()
#4 C:\xampp\htdocs\hotline\framework\web\CController.php(308): CInlineAction->runWithParams(Array)
#5 C:\xampp\htdocs\hotline\framework\web\CController.php(286): CController->runAction(Object(CInlineAction))
#6 C:\xampp\htdocs\hotline\framework\web\CController.php(265): CController->runActionWithFilters(Object(CInlineAction), Array)
#7 C:\xampp\htdocs\hotline\framework\web\CWebApplication.php(282): CController->run('newauction')
#8 C:\xampp\htdocs\hotline\framework\web\CWebApplication.php(141): CWebApplication->runController('user/newauction')
#9 C:\xampp\htdocs\hotline\framework\base\CApplication.php(169): CWebApplication->processRequest()
#10 C:\xampp\htdocs\hotline\app\hot\index.php(13): CApplication->run()
#11 {main}
REQUEST_URI=/hotline/app/hot/index.php
HTTP_REFERER=http://localhost:8080/hotline/app/hot/index.php?r=product/items&category_id=3
---
2013/01/29 08:17:13 [error] [php] Trying to get property of non-object (C:\xampp\htdocs\hotline\app\hot\protected\views\product\auction.php:8)
Stack trace:
#0 C:\xampp\htdocs\hotline\framework\web\CController.php(869): ProductController->renderFile()
#1 C:\xampp\htdocs\hotline\framework\web\CController.php(782): ProductController->renderPartial()
#2 C:\xampp\htdocs\hotline\app\hot\protected\controllers\ProductController.php(32): ProductController->render()
#3 C:\xampp\htdocs\hotline\framework\web\actions\CInlineAction.php(49): ProductController->actionAuction()
#4 C:\xampp\htdocs\hotline\framework\web\CController.php(308): CInlineAction->runWithParams()
#5 C:\xampp\htdocs\hotline\framework\web\CController.php(286): ProductController->runAction()
#6 C:\xampp\htdocs\hotline\framework\web\CController.php(265): ProductController->runActionWithFilters()
#7 C:\xampp\htdocs\hotline\framework\web\CWebApplication.php(282): ProductController->run()
#8 C:\xampp\htdocs\hotline\framework\web\CWebApplication.php(141): CWebApplication->runController()
#9 C:\xampp\htdocs\hotline\framework\base\CApplication.php(169): CWebApplication->processRequest()
#10 C:\xampp\htdocs\hotline\app\hot\index.php(13): CWebApplication->run()
REQUEST_URI=/hotline/app/hot/index.php?r=product/auction&category_id=2
in C:\xampp\htdocs\hotline\app\hot\protected\views\product\auction.php (8)
in C:\xampp\htdocs\hotline\app\hot\protected\controllers\ProductController.php (32)
in C:\xampp\htdocs\hotline\app\hot\index.php (13)
2013/01/29 08:20:19 [error] [php] Trying to get property of non-object (C:\xampp\htdocs\hotline\app\hot\protected\views\product\auction.php:11)
Stack trace:
#0 C:\xampp\htdocs\hotline\framework\web\CController.php(869): ProductController->renderFile()
#1 C:\xampp\htdocs\hotline\framework\web\CController.php(782): ProductController->renderPartial()
#2 C:\xampp\htdocs\hotline\app\hot\protected\controllers\ProductController.php(32): ProductController->render()
#3 C:\xampp\htdocs\hotline\framework\web\actions\CInlineAction.php(49): ProductController->actionAuction()
#4 C:\xampp\htdocs\hotline\framework\web\CController.php(308): CInlineAction->runWithParams()
#5 C:\xampp\htdocs\hotline\framework\web\CController.php(286): ProductController->runAction()
#6 C:\xampp\htdocs\hotline\framework\web\CController.php(265): ProductController->runActionWithFilters()
#7 C:\xampp\htdocs\hotline\framework\web\CWebApplication.php(282): ProductController->run()
#8 C:\xampp\htdocs\hotline\framework\web\CWebApplication.php(141): CWebApplication->runController()
#9 C:\xampp\htdocs\hotline\framework\base\CApplication.php(169): CWebApplication->processRequest()
#10 C:\xampp\htdocs\hotline\app\hot\index.php(13): CWebApplication->run()
REQUEST_URI=/hotline/app/hot/index.php?r=product/auction&category_id=2
in C:\xampp\htdocs\hotline\app\hot\protected\views\product\auction.php (11)
in C:\xampp\htdocs\hotline\app\hot\protected\controllers\ProductController.php (32)
in C:\xampp\htdocs\hotline\app\hot\index.php (13)
2013/01/30 23:29:46 [error] [php] Use of undefined constant singular - assumed 'singular' (C:\xampp\htdocs\hotline\app\hot\protected\views\product\item.php:6)
Stack trace:
#0 C:\xampp\htdocs\hotline\framework\web\CController.php(869): ProductController->renderFile()
#1 C:\xampp\htdocs\hotline\framework\web\CController.php(782): ProductController->renderPartial()
#2 C:\xampp\htdocs\hotline\app\hot\protected\controllers\ProductController.php(45): ProductController->render()
#3 C:\xampp\htdocs\hotline\framework\web\actions\CInlineAction.php(49): ProductController->actionItem()
#4 C:\xampp\htdocs\hotline\framework\web\CController.php(308): CInlineAction->runWithParams()
#5 C:\xampp\htdocs\hotline\framework\web\CController.php(286): ProductController->runAction()
#6 C:\xampp\htdocs\hotline\framework\web\CController.php(265): ProductController->runActionWithFilters()
#7 C:\xampp\htdocs\hotline\framework\web\CWebApplication.php(282): ProductController->run()
#8 C:\xampp\htdocs\hotline\framework\web\CWebApplication.php(141): CWebApplication->runController()
#9 C:\xampp\htdocs\hotline\framework\base\CApplication.php(169): CWebApplication->processRequest()
#10 C:\xampp\htdocs\hotline\app\hot\index.php(13): CWebApplication->run()
REQUEST_URI=/hotline/app/hot/index.php?r=product/item&product_id=3758
in C:\xampp\htdocs\hotline\app\hot\protected\views\product\item.php (6)
in C:\xampp\htdocs\hotline\app\hot\protected\controllers\ProductController.php (45)
in C:\xampp\htdocs\hotline\app\hot\index.php (13)
2013/01/31 22:55:48 [error] [system.db.CDbCommand] CDbCommand::fetch() failed: SQLSTATE[42S22]: Column not found: 1054 Unknown column 'id' in 'where clause'. The SQL statement executed was: SELECT * FROM `category` `t` WHERE id=:category_id LIMIT 1.
in C:\xampp\htdocs\hotline\app\hot\protected\controllers\ProductController.php (59)
in C:\xampp\htdocs\hotline\app\hot\index.php (13)
2013/01/31 22:55:48 [error] [exception.CDbException] exception 'CDbException' with message 'CDbCommand failed to execute the SQL statement: SQLSTATE[42S22]: Column not found: 1054 Unknown column 'id' in 'where clause'. The SQL statement executed was: SELECT * FROM `category` `t` WHERE id=:category_id LIMIT 1' in C:\xampp\htdocs\hotline\framework\db\CDbCommand.php:541
Stack trace:
#0 C:\xampp\htdocs\hotline\framework\db\CDbCommand.php(414): CDbCommand->queryInternal('fetch', Array, Array)
#1 C:\xampp\htdocs\hotline\framework\db\ar\CActiveRecord.php(1297): CDbCommand->queryRow()
#2 C:\xampp\htdocs\hotline\framework\db\ar\CActiveRecord.php(1402): CActiveRecord->query(Object(CDbCriteria))
#3 C:\xampp\htdocs\hotline\app\hot\protected\controllers\ProductController.php(59): CActiveRecord->find('id=:category_id', Array)
#4 C:\xampp\htdocs\hotline\framework\web\actions\CInlineAction.php(49): ProductController->actionItems()
#5 C:\xampp\htdocs\hotline\framework\web\CController.php(308): CInlineAction->runWithParams(Array)
#6 C:\xampp\htdocs\hotline\framework\web\CController.php(286): CController->runAction(Object(CInlineAction))
#7 C:\xampp\htdocs\hotline\framework\web\CController.php(265): CController->runActionWithFilters(Object(CInlineAction), Array)
#8 C:\xampp\htdocs\hotline\framework\web\CWebApplication.php(282): CController->run('items')
#9 C:\xampp\htdocs\hotline\framework\web\CWebApplication.php(141): CWebApplication->runController('product/items')
#10 C:\xampp\htdocs\hotline\framework\base\CApplication.php(169): CWebApplication->processRequest()
#11 C:\xampp\htdocs\hotline\app\hot\index.php(13): CApplication->run()
#12 {main}
REQUEST_URI=/hotline/app/hot/index.php?r=product/items&category_id=2
HTTP_REFERER=http://localhost:8080/hotline/app/hot/index.php
---
2013/01/31 22:58:27 [error] [system.db.CDbCommand] CDbCommand::fetch() failed: SQLSTATE[42S22]: Column not found: 1054 Unknown column 'id' in 'where clause'. The SQL statement executed was: SELECT * FROM `category` `t` WHERE id=:category_id LIMIT 1.
in C:\xampp\htdocs\hotline\app\hot\protected\controllers\ProductController.php (59)
in C:\xampp\htdocs\hotline\app\hot\index.php (13)
2013/01/31 22:58:27 [error] [exception.CDbException] exception 'CDbException' with message 'CDbCommand failed to execute the SQL statement: SQLSTATE[42S22]: Column not found: 1054 Unknown column 'id' in 'where clause'. The SQL statement executed was: SELECT * FROM `category` `t` WHERE id=:category_id LIMIT 1' in C:\xampp\htdocs\hotline\framework\db\CDbCommand.php:541
Stack trace:
#0 C:\xampp\htdocs\hotline\framework\db\CDbCommand.php(414): CDbCommand->queryInternal('fetch', Array, Array)
#1 C:\xampp\htdocs\hotline\framework\db\ar\CActiveRecord.php(1297): CDbCommand->queryRow()
#2 C:\xampp\htdocs\hotline\framework\db\ar\CActiveRecord.php(1402): CActiveRecord->query(Object(CDbCriteria))
#3 C:\xampp\htdocs\hotline\app\hot\protected\controllers\ProductController.php(59): CActiveRecord->find('id=:category_id', Array)
#4 C:\xampp\htdocs\hotline\framework\web\actions\CInlineAction.php(49): ProductController->actionItems()
#5 C:\xampp\htdocs\hotline\framework\web\CController.php(308): CInlineAction->runWithParams(Array)
#6 C:\xampp\htdocs\hotline\framework\web\CController.php(286): CController->runAction(Object(CInlineAction))
#7 C:\xampp\htdocs\hotline\framework\web\CController.php(265): CController->runActionWithFilters(Object(CInlineAction), Array)
#8 C:\xampp\htdocs\hotline\framework\web\CWebApplication.php(282): CController->run('items')
#9 C:\xampp\htdocs\hotline\framework\web\CWebApplication.php(141): CWebApplication->runController('product/items')
#10 C:\xampp\htdocs\hotline\framework\base\CApplication.php(169): CWebApplication->processRequest()
#11 C:\xampp\htdocs\hotline\app\hot\index.php(13): CApplication->run()
#12 {main}
REQUEST_URI=/hotline/app/hot/index.php?r=product/items&category_id=2
---
2013/01/31 23:09:55 [error] [php] Undefined index: r (C:\xampp\htdocs\hotline\app\hot\protected\views\layouts\leftmenu.php:5)
Stack trace:
#0 C:\xampp\htdocs\hotline\framework\web\CController.php(784): ProductController->renderFile()
#1 C:\xampp\htdocs\hotline\app\hot\protected\controllers\ProductController.php(16): ProductController->render()
#2 C:\xampp\htdocs\hotline\framework\web\actions\CInlineAction.php(49): ProductController->actionIndex()
#3 C:\xampp\htdocs\hotline\framework\web\CController.php(308): CInlineAction->runWithParams()
#4 C:\xampp\htdocs\hotline\framework\web\CController.php(286): ProductController->runAction()
#5 C:\xampp\htdocs\hotline\framework\web\CController.php(265): ProductController->runActionWithFilters()
#6 C:\xampp\htdocs\hotline\framework\web\CWebApplication.php(282): ProductController->run()
#7 C:\xampp\htdocs\hotline\framework\web\CWebApplication.php(141): CWebApplication->runController()
#8 C:\xampp\htdocs\hotline\framework\base\CApplication.php(169): CWebApplication->processRequest()
#9 C:\xampp\htdocs\hotline\app\hot\index.php(13): CWebApplication->run()
REQUEST_URI=/hotline/app/hot/index.php
in C:\xampp\htdocs\hotline\app\hot\protected\views\layouts\leftmenu.php (5)
in C:\xampp\htdocs\hotline\app\hot\protected\controllers\ProductController.php (16)
in C:\xampp\htdocs\hotline\app\hot\index.php (13)
2013/02/01 23:46:41 [error] [exception.CHttpException.404] exception 'CHttpException' with message 'The system is unable to find the requested action "selling".' in C:\xampp\htdocs\hotline\framework\web\CController.php:483
Stack trace:
#0 C:\xampp\htdocs\hotline\framework\web\CController.php(270): CController->missingAction('selling')
#1 C:\xampp\htdocs\hotline\framework\web\CWebApplication.php(282): CController->run('selling')
#2 C:\xampp\htdocs\hotline\framework\web\CWebApplication.php(141): CWebApplication->runController('product/selling')
#3 C:\xampp\htdocs\hotline\framework\base\CApplication.php(169): CWebApplication->processRequest()
#4 C:\xampp\htdocs\hotline\app\hot\index.php(13): CApplication->run()
#5 {main}
REQUEST_URI=/hotline/app/hot/index.php?r=product/selling&category_id=2
HTTP_REFERER=http://localhost:8080/hotline/app/hot/index.php?r=product/auction&category_id=2
---
2013/02/01 23:46:45 [error] [exception.CHttpException.404] exception 'CHttpException' with message 'The system is unable to find the requested action "selling".' in C:\xampp\htdocs\hotline\framework\web\CController.php:483
Stack trace:
#0 C:\xampp\htdocs\hotline\framework\web\CController.php(270): CController->missingAction('selling')
#1 C:\xampp\htdocs\hotline\framework\web\CWebApplication.php(282): CController->run('selling')
#2 C:\xampp\htdocs\hotline\framework\web\CWebApplication.php(141): CWebApplication->runController('product/selling')
#3 C:\xampp\htdocs\hotline\framework\base\CApplication.php(169): CWebApplication->processRequest()
#4 C:\xampp\htdocs\hotline\app\hot\index.php(13): CApplication->run()
#5 {main}
REQUEST_URI=/hotline/app/hot/index.php?r=product/selling&category_id=2
HTTP_REFERER=http://localhost:8080/hotline/app/hot/index.php?r=product/auction&category_id=2
---
2013/02/01 23:48:28 [error] [exception.CException] exception 'CException' with message 'ProductController cannot find the requested view "shelling".' in C:\xampp\htdocs\hotline\framework\web\CController.php:878
Stack trace:
#0 C:\xampp\htdocs\hotline\framework\web\CController.php(782): CController->renderPartial('shelling', Array, true)
#1 C:\xampp\htdocs\hotline\app\hot\protected\controllers\ProductController.php(46): CController->render('shelling', Array)
#2 C:\xampp\htdocs\hotline\framework\web\actions\CInlineAction.php(49): ProductController->actionSelling()
#3 C:\xampp\htdocs\hotline\framework\web\CController.php(308): CInlineAction->runWithParams(Array)
#4 C:\xampp\htdocs\hotline\framework\web\CController.php(286): CController->runAction(Object(CInlineAction))
#5 C:\xampp\htdocs\hotline\framework\web\CController.php(265): CController->runActionWithFilters(Object(CInlineAction), Array)
#6 C:\xampp\htdocs\hotline\framework\web\CWebApplication.php(282): CController->run('selling')
#7 C:\xampp\htdocs\hotline\framework\web\CWebApplication.php(141): CWebApplication->runController('product/selling')
#8 C:\xampp\htdocs\hotline\framework\base\CApplication.php(169): CWebApplication->processRequest()
#9 C:\xampp\htdocs\hotline\app\hot\index.php(13): CApplication->run()
#10 {main}
REQUEST_URI=/hotline/app/hot/index.php?r=product/selling&category_id=2
HTTP_REFERER=http://localhost:8080/hotline/app/hot/index.php?r=product/selling&category_id=2
---
2013/02/02 12:38:09 [error] [php] Missing argument 2 for YiiBase::t(), called in C:\xampp\htdocs\hotline\app\hot\protected\views\product\auction.php on line 2 and defined (C:\xampp\htdocs\hotline\framework\YiiBase.php:571)
Stack trace:
#0 C:\xampp\htdocs\hotline\framework\web\CBaseController.php(95): ProductController->renderInternal()
#1 C:\xampp\htdocs\hotline\framework\web\CController.php(869): ProductController->renderFile()
#2 C:\xampp\htdocs\hotline\framework\web\CController.php(782): ProductController->renderPartial()
#3 C:\xampp\htdocs\hotline\app\hot\protected\controllers\ProductController.php(34): ProductController->render()
#4 C:\xampp\htdocs\hotline\framework\web\actions\CInlineAction.php(49): ProductController->actionAuction()
#5 C:\xampp\htdocs\hotline\framework\web\CController.php(308): CInlineAction->runWithParams()
#6 C:\xampp\htdocs\hotline\framework\web\CController.php(286): ProductController->runAction()
#7 C:\xampp\htdocs\hotline\framework\web\CController.php(265): ProductController->runActionWithFilters()
#8 C:\xampp\htdocs\hotline\framework\web\CWebApplication.php(282): ProductController->run()
#9 C:\xampp\htdocs\hotline\framework\web\CWebApplication.php(141): CWebApplication->runController()
#10 C:\xampp\htdocs\hotline\framework\base\CApplication.php(169): CWebApplication->processRequest()
#11 C:\xampp\htdocs\hotline\app\hot\index.php(13): CWebApplication->run()
REQUEST_URI=/hotline/app/hot/index.php?r=product/auction&category_id=3
in C:\xampp\htdocs\hotline\app\hot\protected\views\product\auction.php (2)
in C:\xampp\htdocs\hotline\app\hot\protected\controllers\ProductController.php (34)
in C:\xampp\htdocs\hotline\app\hot\index.php (13)
2013/02/03 18:08:19 [error] [php] Undefined index: product_id (C:\xampp\htdocs\hotline\app\hot\protected\controllers\ProductController.php:56)
Stack trace:
#0 C:\xampp\htdocs\hotline\framework\web\CController.php(286): ProductController->runAction()
#1 C:\xampp\htdocs\hotline\framework\web\CController.php(265): ProductController->runActionWithFilters()
#2 C:\xampp\htdocs\hotline\framework\web\CWebApplication.php(282): ProductController->run()
#3 C:\xampp\htdocs\hotline\framework\web\CWebApplication.php(141): CWebApplication->runController()
#4 C:\xampp\htdocs\hotline\framework\base\CApplication.php(169): CWebApplication->processRequest()
#5 C:\xampp\htdocs\hotline\app\hot\index.php(13): CWebApplication->run()
REQUEST_URI=/hotline/app/hot/index.php?r=product/item&category_id=2
in C:\xampp\htdocs\hotline\app\hot\protected\controllers\ProductController.php (56)
in C:\xampp\htdocs\hotline\app\hot\index.php (13)
2013/02/08 10:13:52 [error] [system.db.CDbCommand] Не удалось выполнить CDbCommand::(): SQLSTATE[42000]: Syntax error or access violation: 1064 You have an error in your SQL syntax; check the manual that corresponds to your MySQL server version for the right syntax to use near '\'\'' at line 1. Выполнявшийся SQL-запрос: UPDATE product SET origin_image = concat('http://hotline.ua/img/tx/',substr(replace(thumb_image, 'http://hotline.ua/img/tx/',''), 1, position('/' in replace(thumb_image, 'http://hotline.ua/img/tx/',''))),replace(substr(replace(thumb_image, 'http://hotline.ua/img/tx/',''), position('/' in replace(thumb_image, 'http://hotline.ua/img/tx/',''))+1),'.jpg','')+1, '.jpg') WHERE origin_image=\'\'.
in C:\xampp\htdocs\hotline\app\hot\protected\controllers\ProductController.php (82)
in C:\xampp\htdocs\hotline\app\hot\index.php (13)
2013/02/08 10:13:52 [error] [exception.CDbException] exception 'CDbException' with message 'CDbCommand не удалось исполнить SQL-запрос: SQLSTATE[42000]: Syntax error or access violation: 1064 You have an error in your SQL syntax; check the manual that corresponds to your MySQL server version for the right syntax to use near '\'\'' at line 1. The SQL statement executed was: UPDATE product SET origin_image = concat('http://hotline.ua/img/tx/',substr(replace(thumb_image, 'http://hotline.ua/img/tx/',''), 1, position('/' in replace(thumb_image, 'http://hotline.ua/img/tx/',''))),replace(substr(replace(thumb_image, 'http://hotline.ua/img/tx/',''), position('/' in replace(thumb_image, 'http://hotline.ua/img/tx/',''))+1),'.jpg','')+1, '.jpg') WHERE origin_image=\'\'' in C:\xampp\htdocs\hotline\framework\db\CDbCommand.php:541
Stack trace:
#0 C:\xampp\htdocs\hotline\framework\db\CDbCommand.php(376): CDbCommand->queryInternal('', 0, Array)
#1 C:\xampp\htdocs\hotline\app\hot\protected\controllers\ProductController.php(82): CDbCommand->query()
#2 C:\xampp\htdocs\hotline\framework\web\actions\CInlineAction.php(49): ProductController->actionUpdateOriginImage()
#3 C:\xampp\htdocs\hotline\framework\web\CController.php(308): CInlineAction->runWithParams(Array)
#4 C:\xampp\htdocs\hotline\framework\web\CController.php(286): CController->runAction(Object(CInlineAction))
#5 C:\xampp\htdocs\hotline\framework\web\CController.php(265): CController->runActionWithFilters(Object(CInlineAction), Array)
#6 C:\xampp\htdocs\hotline\framework\web\CWebApplication.php(282): CController->run('UpdateOriginIma...')
#7 C:\xampp\htdocs\hotline\framework\web\CWebApplication.php(141): CWebApplication->runController('product/UpdateO...')
#8 C:\xampp\htdocs\hotline\framework\base\CApplication.php(169): CWebApplication->processRequest()
#9 C:\xampp\htdocs\hotline\app\hot\index.php(13): CApplication->run()
#10 {main}
REQUEST_URI=/hotline/app/hot/index.php?r=product/UpdateOriginImage
---
2013/02/08 23:37:14 [error] [php] Missing argument 2 for YiiBase::t(), called in C:\xampp\htdocs\hotline\app\hot\protected\views\product\item.php on line 3 and defined (C:\xampp\htdocs\hotline\framework\YiiBase.php:571)
Stack trace:
#0 C:\xampp\htdocs\hotline\framework\web\CBaseController.php(95): ProductController->renderInternal()
#1 C:\xampp\htdocs\hotline\framework\web\CController.php(869): ProductController->renderFile()
#2 C:\xampp\htdocs\hotline\framework\web\CController.php(782): ProductController->renderPartial()
#3 C:\xampp\htdocs\hotline\app\hot\protected\controllers\ProductController.php(59): ProductController->render()
#4 C:\xampp\htdocs\hotline\framework\web\actions\CInlineAction.php(49): ProductController->actionItem()
#5 C:\xampp\htdocs\hotline\framework\web\CController.php(308): CInlineAction->runWithParams()
#6 C:\xampp\htdocs\hotline\framework\web\CController.php(286): ProductController->runAction()
#7 C:\xampp\htdocs\hotline\framework\web\CController.php(265): ProductController->runActionWithFilters()
#8 C:\xampp\htdocs\hotline\framework\web\CWebApplication.php(282): ProductController->run()
#9 C:\xampp\htdocs\hotline\framework\web\CWebApplication.php(141): CWebApplication->runController()
#10 C:\xampp\htdocs\hotline\framework\base\CApplication.php(169): CWebApplication->processRequest()
#11 C:\xampp\htdocs\hotline\app\hot\index.php(13): CWebApplication->run()
REQUEST_URI=/hotline/app/hot/index.php?r=product/item&product_id=5529
in C:\xampp\htdocs\hotline\app\hot\protected\views\product\item.php (3)
in C:\xampp\htdocs\hotline\app\hot\protected\controllers\ProductController.php (59)
in C:\xampp\htdocs\hotline\app\hot\index.php (13)
2013/02/17 18:39:14 [error] [php] Undefined index: category_id (C:\xampp\htdocs\hotline\app\hot\protected\controllers\ProductController.php:68)
Stack trace:
#0 C:\xampp\htdocs\hotline\framework\web\CController.php(286): ProductController->runAction()
#1 C:\xampp\htdocs\hotline\framework\web\CController.php(265): ProductController->runActionWithFilters()
#2 C:\xampp\htdocs\hotline\framework\web\CWebApplication.php(282): ProductController->run()
#3 C:\xampp\htdocs\hotline\framework\web\CWebApplication.php(141): CWebApplication->runController()
#4 C:\xampp\htdocs\hotline\framework\base\CApplication.php(169): CWebApplication->processRequest()
#5 C:\xampp\htdocs\hotline\app\hot\index.php(13): CWebApplication->run()
REQUEST_URI=/hotline/app/hot/index.php?r=product/items
in C:\xampp\htdocs\hotline\app\hot\protected\controllers\ProductController.php (68)
in C:\xampp\htdocs\hotline\app\hot\index.php (13)
